<?xml version="1.0" encoding="UTF-8"?>
<!-- Generated by org.testng.reporters.JUnitXMLReporter -->
<testsuite ignored="0" hostname="DESKTOP-1MUCPAJ" failures="0" tests="6" name="Testcases" time="6.559" errors="0" timestamp="2021-02-08T15:41:51 GMT-05:00">
  <testcase classname="com.api.API_tc1" name="Proj" time="2.647"/>
  <testcase classname="com.api.API_tc2" name="Proj" time="0.822"/>
  <testcase classname="com.api.API_tc3" name="Proj" time="0.739"/>
  <testcase classname="com.api.API_tc4" name="Proj" time="0.766"/>
  <testcase classname="com.api.API_tc5" name="Proj" time="0.775"/>
  <testcase classname="com.api.API_tc6" name="Proj" time="0.733"/>
</testsuite> <!-- Testcases -->
