<?xml version="1.0" encoding="UTF-8"?>
<!-- Generated by org.testng.reporters.JUnitXMLReporter -->
<testsuite ignored="0" hostname="DESKTOP-1MUCPAJ" failures="0" tests="6" name="Testcases" time="6.674" errors="0" timestamp="2021-02-17T17:00:37 GMT-05:00">
  <testcase classname="com.api.API_tc1" name="Proj" time="2.65"/>
  <testcase classname="com.api.API_tc2" name="Proj" time="0.853"/>
  <testcase classname="com.api.API_tc3" name="Proj" time="0.766"/>
  <testcase classname="com.api.API_tc4" name="Proj" time="0.775"/>
  <testcase classname="com.api.API_tc5" name="Proj" time="0.774"/>
  <testcase classname="com.api.API_tc6" name="Proj" time="0.734"/>
</testsuite> <!-- Testcases -->
