<?xml version="1.0" encoding="UTF-8"?>
<testng-results ignored="0" total="6" passed="6" failed="0" skipped="0">
  <reporter-output>
  </reporter-output>
  <suite started-at="2021-02-08T15:41:44 GMT-05:00" name="API Project" finished-at="2021-02-08T15:41:51 GMT-05:00" duration-ms="6559">
    <groups>
    </groups>
    <test started-at="2021-02-08T15:41:44 GMT-05:00" name="Testcases" finished-at="2021-02-08T15:41:51 GMT-05:00" duration-ms="6559">
      <class name="com.api.API_tc6">
        <test-method signature="Proj()[pri:0, instance:com.api.API_tc6@f5acb9d]" started-at="2021-02-08T15:41:50 GMT-05:00" name="Proj" finished-at="2021-02-08T15:41:51 GMT-05:00" duration-ms="733" status="PASS">
          <reporter-output>
          </reporter-output>
        </test-method> <!-- Proj -->
      </class> <!-- com.api.API_tc6 -->
      <class name="com.api.API_tc5">
        <test-method signature="Proj()[pri:0, instance:com.api.API_tc5@543588e6]" started-at="2021-02-08T15:41:49 GMT-05:00" name="Proj" finished-at="2021-02-08T15:41:50 GMT-05:00" duration-ms="775" status="PASS">
          <reporter-output>
          </reporter-output>
        </test-method> <!-- Proj -->
      </class> <!-- com.api.API_tc5 -->
      <class name="com.api.API_tc2">
        <test-method signature="Proj()[pri:0, instance:com.api.API_tc2@18d87d80]" started-at="2021-02-08T15:41:47 GMT-05:00" name="Proj" finished-at="2021-02-08T15:41:48 GMT-05:00" duration-ms="822" status="PASS">
          <reporter-output>
          </reporter-output>
        </test-method> <!-- Proj -->
      </class> <!-- com.api.API_tc2 -->
      <class name="com.api.API_tc1">
        <test-method signature="Proj()[pri:0, instance:com.api.API_tc1@1af2d44a]" started-at="2021-02-08T15:41:44 GMT-05:00" name="Proj" finished-at="2021-02-08T15:41:47 GMT-05:00" duration-ms="2647" status="PASS">
          <reporter-output>
          </reporter-output>
        </test-method> <!-- Proj -->
      </class> <!-- com.api.API_tc1 -->
      <class name="com.api.API_tc4">
        <test-method signature="Proj()[pri:0, instance:com.api.API_tc4@58695725]" started-at="2021-02-08T15:41:49 GMT-05:00" name="Proj" finished-at="2021-02-08T15:41:49 GMT-05:00" duration-ms="766" status="PASS">
          <reporter-output>
          </reporter-output>
        </test-method> <!-- Proj -->
      </class> <!-- com.api.API_tc4 -->
      <class name="com.api.API_tc3">
        <test-method signature="Proj()[pri:0, instance:com.api.API_tc3@618425b5]" started-at="2021-02-08T15:41:48 GMT-05:00" name="Proj" finished-at="2021-02-08T15:41:49 GMT-05:00" duration-ms="739" status="PASS">
          <reporter-output>
          </reporter-output>
        </test-method> <!-- Proj -->
      </class> <!-- com.api.API_tc3 -->
    </test> <!-- Testcases -->
  </suite> <!-- API Project -->
</testng-results>
